Change Component Designator: Old Designator=? New Designator=3
Change Component Designator: Old Designator=C? New Designator=C3
Change Component Designator: Old Designator=D? New Designator=D5
Change Component Designator: Old Designator=Led? New Designator=Led5
Change Component Designator: Old Designator=Led? New Designator=Led6
Change Component Designator: Old Designator=LED? New Designator=LED7
Change Component Designator: Old Designator=Led? New Designator=Led8
Change Component Designator: Old Designator=OPPTO? New Designator=OPPTO1
Change Component Designator: Old Designator=OPPTO? New Designator=OPPTO2
Change Component Designator: Old Designator=OPPTO? New Designator=OPPTO3
Change Component Designator: Old Designator=PC? New Designator=PC3
Change Component Designator: Old Designator=R? New Designator=R17
Change Component Designator: Old Designator=R? New Designator=R18
Change Component Designator: Old Designator=R? New Designator=R19
Change Component Designator: Old Designator=R? New Designator=R20
Change Component Designator: Old Designator=R? New Designator=R21
Change Component Designator: Old Designator=R? New Designator=R22
Change Component Designator: Old Designator=R? New Designator=R23
Change Component Designator: Old Designator=R? New Designator=R24
Change Component Designator: Old Designator=R? New Designator=R25
Change Component Designator: Old Designator=R? New Designator=R26
Change Component Designator: Old Designator=R? New Designator=R27
Change Component Designator: Old Designator=R? New Designator=R28
Change Component Designator: Old Designator=R? New Designator=R29
Change Component Designator: Old Designator=R? New Designator=R30
Change Component Designator: Old Designator=R? New Designator=R31
Change Component Designator: Old Designator=R? New Designator=R32
Change Component Designator: Old Designator=RL? New Designator=RL3
