Change Component DesignItemId : Designator=CP5 Old DesignItemId=T? NHÔM 220UF 16V New DesignItemId=T? NHÔM 220UF 16V
Change Component DesignItemId : Designator=CP6 Old DesignItemId=T? NHÔM 220UF 16V New DesignItemId=T? NHÔM 220UF 16V
Change Component Description : Designator=JP3 Old Description=C?m New Description=C?m
Change Component Description : Designator=oled Old Description=C?m New Description=C?m
Change Component Description : Designator=UART_2 Old Description=C?m New Description=C?m
Change Component Description : Designator=C1 Old Description=CAP 0805 KHÔNG PHÂN C?C SMD New Description=CAP 0805 KHÔNG PHÂN C?C SMD
Change Component Description : Designator=C7 Old Description=CAP 0805 KHÔNG PHÂN C?C SMD New Description=CAP 0805 KHÔNG PHÂN C?C SMD
Change Component Description : Designator=C8 Old Description=CAP 0805 KHÔNG PHÂN C?C SMD New Description=CAP 0805 KHÔNG PHÂN C?C SMD
Change Component Description : Designator=C12 Old Description=CAP 0805 KHÔNG PHÂN C?C SMD New Description=CAP 0805 KHÔNG PHÂN C?C SMD
Change Component Description : Designator=C13 Old Description=CAP 0805 KHÔNG PHÂN C?C SMD New Description=CAP 0805 KHÔNG PHÂN C?C SMD
Change Component Description : Designator=C14 Old Description=CAP 0805 KHÔNG PHÂN C?C SMD New Description=CAP 0805 KHÔNG PHÂN C?C SMD
Change component parameters: Designator = "UU1"; Footprint = "UU10.5"; UniqueID = "\KQUQYCJL"
Change component parameters. Clean all parameters for all variants
Change component parameters (AddParameter): Name = "Parameter 1"; Value = "Cu?n l?c UU0.8 7*8"; VariantName = "[No Variations]"
Change component parameters: Designator = "JP3"; Footprint = "JP 1x6 DT"; UniqueID = "\HRDNKNCH"
Change component parameters. Clean all parameters for all variants
Change component parameters (AddParameter): Name = "Chung_Loai"; Value = "C?m"; VariantName = "[No Variations]"
Change component parameters (AddParameter): Name = "Don_Vi"; Value = "Con"; VariantName = "[No Variations]"
Change component parameters (AddParameter): Name = "Ghi_Chu"; Value = ""; VariantName = "[No Variations]"
Change component parameters (AddParameter): Name = "Kieu_Chan"; Value = ""; VariantName = "[No Variations]"
Change component parameters (AddParameter): Name = "Ma_Hang"; Value = "MH000903"; VariantName = "[No Variations]"
Change component parameters (AddParameter): Name = "Ten_Linh_Kien"; Value = "Jump Ðon Ð?c 2.54MM 1x40P Th?ng 11MM"; VariantName = "[No Variations]"
Change component parameters: Designator = "OLED"; Footprint = "JP 1x4 DT"; UniqueID = "\RMAYENIH"
Change component parameters. Clean all parameters for all variants
Change component parameters (AddParameter): Name = "Chung_Loai"; Value = "C?m"; VariantName = "[No Variations]"
Change component parameters (AddParameter): Name = "Don_Vi"; Value = "Con"; VariantName = "[No Variations]"
Change component parameters (AddParameter): Name = "Ghi_Chu"; Value = ""; VariantName = "[No Variations]"
Change component parameters (AddParameter): Name = "Kieu_Chan"; Value = ""; VariantName = "[No Variations]"
Change component parameters (AddParameter): Name = "Ma_Hang"; Value = "MH000903"; VariantName = "[No Variations]"
Change component parameters (AddParameter): Name = "Ten_Linh_Kien"; Value = "Jump Ðon Ð?c 2.54MM 1x40P Th?ng 11MM"; VariantName = "[No Variations]"
Change component parameters: Designator = "UART_2"; Footprint = "JP 1x4 DT"; UniqueID = "\TAPOAYFU"
Change component parameters. Clean all parameters for all variants
Change component parameters (AddParameter): Name = "Chung_Loai"; Value = "C?m"; VariantName = "[No Variations]"
Change component parameters (AddParameter): Name = "Don_Vi"; Value = "Con"; VariantName = "[No Variations]"
Change component parameters (AddParameter): Name = "Ghi_Chu"; Value = ""; VariantName = "[No Variations]"
Change component parameters (AddParameter): Name = "Kieu_Chan"; Value = ""; VariantName = "[No Variations]"
Change component parameters (AddParameter): Name = "Ma_Hang"; Value = "MH000903"; VariantName = "[No Variations]"
Change component parameters (AddParameter): Name = "Ten_Linh_Kien"; Value = "Jump Ðon Ð?c 2.54MM 1x40P Th?ng 11MM"; VariantName = "[No Variations]"
