Removed Pin From Net: NetName=DO1 Pin=C2-2
Removed Pin From Net: NetName=DO1 Pin=RL2-4
Added Component: Designator=3(SOT23-3)
Add component. Clean all parameters for all variants
Add component (AddParameter): Name = "Value"; Value = "2SC1815-SMD"; VariantName = "[No Variations]"
Added Component: Designator=C3(CN2)
Add component. Clean all parameters for all variants
Add component (AddParameter): Name = "Value"; Value = "0.1uF"; VariantName = "[No Variations]"
Added Component: Designator=D5(SS210)
Add component. Clean all parameters for all variants
Add component (AddParameter): Name = "Availability"; Value = "In Stock"; VariantName = "[No Variations]"
Add component (AddParameter): Name = "Check_prices"; Value = "https://www.snapeda.com/parts/SS210/Taiwan+Semiconductor/view-part/?ref=eda"; VariantName = "[No Variations]"
Add component (AddParameter): Name = "MF"; Value = "Taiwan Semiconductor"; VariantName = "[No Variations]"
Add component (AddParameter): Name = "MP"; Value = "SS210"; VariantName = "[No Variations]"
Add component (AddParameter): Name = "Package"; Value = "SMD-2-2 Avago"; VariantName = "[No Variations]"
Add component (AddParameter): Name = "Price"; Value = "None"; VariantName = "[No Variations]"
Add component (AddParameter): Name = "Purchase-URL"; Value = "https://pricing.snapeda.com/search/part/SS210/?ref=eda"; VariantName = "[No Variations]"
Add component (AddParameter): Name = "SnapEDA_Link"; Value = "https://www.snapeda.com/parts/SS210/Taiwan+Semiconductor/view-part/?ref=snap"; VariantName = "[No Variations]"
Add component (AddParameter): Name = "Value"; Value = "SS210"; VariantName = "[No Variations]"
Added Component: Designator=Led5(LEDGREEN 0805)
Add component. Clean all parameters for all variants
Add component (AddParameter): Name = "Value"; Value = "LED RED 5MM"; VariantName = "[No Variations]"
Added Component: Designator=Led6(LEDGREEN 0805)
Add component. Clean all parameters for all variants
Add component (AddParameter): Name = "Value"; Value = "LED RED 5MM"; VariantName = "[No Variations]"
Added Component: Designator=LED7(LED_SMD0805_RED - duplicate)
Add component. Clean all parameters for all variants
Add component (AddParameter): Name = "Value"; Value = "LED SMD"; VariantName = "[No Variations]"
Added Component: Designator=Led8(LEDGREEN 0805)
Add component. Clean all parameters for all variants
Add component (AddParameter): Name = "Value"; Value = "LED RED 5MM"; VariantName = "[No Variations]"
Added Component: Designator=OPPTO1(OPTO_4-SMD)
Add component. Clean all parameters for all variants
Add component (AddParameter): Name = "Value"; Value = "OPTO 2C"; VariantName = "[No Variations]"
Added Component: Designator=OPPTO2(OPTO_4-SMD)
Add component. Clean all parameters for all variants
Add component (AddParameter): Name = "Value"; Value = "OPTO 2C"; VariantName = "[No Variations]"
Added Component: Designator=OPPTO3(OPTO_4-SMD)
Add component. Clean all parameters for all variants
Add component (AddParameter): Name = "Value"; Value = "OPTO 2C"; VariantName = "[No Variations]"
Added Component: Designator=PC3(OPTO_4-SMD)
Add component. Clean all parameters for all variants
Add component (AddParameter): Name = "Value"; Value = "PC817"; VariantName = "[No Variations]"
Added Component: Designator=R17(RES 0805)
Add component. Clean all parameters for all variants
Add component (AddParameter): Name = "Value"; Value = "RESISTOR  1/4W 4.7K"; VariantName = "[No Variations]"
Added Component: Designator=R18(RES 0805)
Add component. Clean all parameters for all variants
Add component (AddParameter): Name = "Value"; Value = "RESISTOR  1/4W 1K"; VariantName = "[No Variations]"
Added Component: Designator=R19(RES 0805)
Add component. Clean all parameters for all variants
Add component (AddParameter): Name = "Value"; Value = "RESISTOR  1/4W 4.7K"; VariantName = "[No Variations]"
Added Component: Designator=R20(RES 0805)
Add component. Clean all parameters for all variants
Add component (AddParameter): Name = "Value"; Value = "RESISTOR  1/4W 1K"; VariantName = "[No Variations]"
Added Component: Designator=R21(RES 0805)
Add component. Clean all parameters for all variants
Add component (AddParameter): Name = "Value"; Value = "RESISTOR  1/4W 4.7K"; VariantName = "[No Variations]"
Added Component: Designator=R22(RES 0805)
Add component. Clean all parameters for all variants
Add component (AddParameter): Name = "Value"; Value = "RESISTOR  1/4W 1K"; VariantName = "[No Variations]"
Added Component: Designator=R23(RES 0805)
Add component. Clean all parameters for all variants
Add component (AddParameter): Name = "Value"; Value = "RESISTOR  1/4W 4.7K"; VariantName = "[No Variations]"
Added Component: Designator=R24(RES 0805)
Add component. Clean all parameters for all variants
Add component (AddParameter): Name = "Value"; Value = "RESISTOR  1/4W 1K"; VariantName = "[No Variations]"
Added Component: Designator=R25(RES 0805)
Add component. Clean all parameters for all variants
Add component (AddParameter): Name = "Availability"; Value = "In Stock"; VariantName = "[No Variations]"
Add component (AddParameter): Name = "EU_RoHS_Compliance"; Value = "Compliant with Exemptions"; VariantName = "[No Variations]"
Add component (AddParameter): Name = "MF"; Value = "TE Connectivity"; VariantName = "[No Variations]"
Add component (AddParameter): Name = "MP"; Value = "2-2176053-1"; VariantName = "[No Variations]"
Add component (AddParameter): Name = "Package"; Value = "0805"; VariantName = "[No Variations]"
Add component (AddParameter): Name = "Power_Rating"; Value = ".25 W"; VariantName = "[No Variations]"
Add component (AddParameter): Name = "Price"; Value = "None"; VariantName = "[No Variations]"
Add component (AddParameter): Name = "Resistance"; Value = ".36"; VariantName = "[No Variations]"
Add component (AddParameter): Name = "Tolerance"; Value = "1%"; VariantName = "[No Variations]"
Add component (AddParameter): Name = "Value"; Value = "RES 0805 SMD"; VariantName = "[No Variations]"
Added Component: Designator=R26(RES 0805)
Add component. Clean all parameters for all variants
Add component (AddParameter): Name = "Availability"; Value = "In Stock"; VariantName = "[No Variations]"
Add component (AddParameter): Name = "EU_RoHS_Compliance"; Value = "Compliant with Exemptions"; VariantName = "[No Variations]"
Add component (AddParameter): Name = "MF"; Value = "TE Connectivity"; VariantName = "[No Variations]"
Add component (AddParameter): Name = "MP"; Value = "2-2176053-1"; VariantName = "[No Variations]"
Add component (AddParameter): Name = "Package"; Value = "0805"; VariantName = "[No Variations]"
Add component (AddParameter): Name = "Power_Rating"; Value = ".25 W"; VariantName = "[No Variations]"
Add component (AddParameter): Name = "Price"; Value = "None"; VariantName = "[No Variations]"
Add component (AddParameter): Name = "Resistance"; Value = ".36"; VariantName = "[No Variations]"
Add component (AddParameter): Name = "Tolerance"; Value = "1%"; VariantName = "[No Variations]"
Add component (AddParameter): Name = "Value"; Value = "RES 0805 SMD"; VariantName = "[No Variations]"
Added Component: Designator=R27(RES 0805)
Add component. Clean all parameters for all variants
Add component (AddParameter): Name = "Availability"; Value = "In Stock"; VariantName = "[No Variations]"
Add component (AddParameter): Name = "EU_RoHS_Compliance"; Value = "Compliant with Exemptions"; VariantName = "[No Variations]"
Add component (AddParameter): Name = "MF"; Value = "TE Connectivity"; VariantName = "[No Variations]"
Add component (AddParameter): Name = "MP"; Value = "2-2176053-1"; VariantName = "[No Variations]"
Add component (AddParameter): Name = "Package"; Value = "0805"; VariantName = "[No Variations]"
Add component (AddParameter): Name = "Power_Rating"; Value = ".25 W"; VariantName = "[No Variations]"
Add component (AddParameter): Name = "Price"; Value = "None"; VariantName = "[No Variations]"
Add component (AddParameter): Name = "Resistance"; Value = ".36"; VariantName = "[No Variations]"
Add component (AddParameter): Name = "Tolerance"; Value = "1%"; VariantName = "[No Variations]"
Add component (AddParameter): Name = "Value"; Value = "RES 0805 SMD"; VariantName = "[No Variations]"
Added Component: Designator=R28(RES 0805)
Add component. Clean all parameters for all variants
Add component (AddParameter): Name = "Availability"; Value = "In Stock"; VariantName = "[No Variations]"
Add component (AddParameter): Name = "EU_RoHS_Compliance"; Value = "Compliant with Exemptions"; VariantName = "[No Variations]"
Add component (AddParameter): Name = "MF"; Value = "TE Connectivity"; VariantName = "[No Variations]"
Add component (AddParameter): Name = "MP"; Value = "2-2176053-1"; VariantName = "[No Variations]"
Add component (AddParameter): Name = "Package"; Value = "0805"; VariantName = "[No Variations]"
Add component (AddParameter): Name = "Power_Rating"; Value = ".25 W"; VariantName = "[No Variations]"
Add component (AddParameter): Name = "Price"; Value = "None"; VariantName = "[No Variations]"
Add component (AddParameter): Name = "Resistance"; Value = ".36"; VariantName = "[No Variations]"
Add component (AddParameter): Name = "Tolerance"; Value = "1%"; VariantName = "[No Variations]"
Add component (AddParameter): Name = "Value"; Value = "RES 0805 SMD"; VariantName = "[No Variations]"
Added Component: Designator=R29(RES 0805)
Add component. Clean all parameters for all variants
Add component (AddParameter): Name = "Value"; Value = "RESISTOR  1/4W 4.7K"; VariantName = "[No Variations]"
Added Component: Designator=R30(RES 0805)
Add component. Clean all parameters for all variants
Add component (AddParameter): Name = "Value"; Value = "RESISTOR  1/4W 1K"; VariantName = "[No Variations]"
Added Component: Designator=R31(RES 0805)
Add component. Clean all parameters for all variants
Add component (AddParameter): Name = "Value"; Value = "RESISTOR  1/4W 4.7K"; VariantName = "[No Variations]"
Added Component: Designator=R32(RES 0805)
Add component. Clean all parameters for all variants
Add component (AddParameter): Name = "Value"; Value = "RESISTOR  1/4W 1K"; VariantName = "[No Variations]"
Added Component: Designator=RL3(HF46F/005-HS1)
Add component. Clean all parameters for all variants
Add component (AddParameter): Name = "Availability"; Value = "Not in stock"; VariantName = "[No Variations]"
Add component (AddParameter): Name = "Check_prices"; Value = "https://www.snapeda.com/parts/HF46F/005-HS1/Hongfa/view-part/?ref=eda"; VariantName = "[No Variations]"
Add component (AddParameter): Name = "MF"; Value = "Hongfa"; VariantName = "[No Variations]"
Add component (AddParameter): Name = "MP"; Value = "HF46F/005-HS1"; VariantName = "[No Variations]"
Add component (AddParameter): Name = "Package"; Value = "None"; VariantName = "[No Variations]"
Add component (AddParameter): Name = "Price"; Value = "None"; VariantName = "[No Variations]"
Add component (AddParameter): Name = "SnapEDA_Link"; Value = "https://www.snapeda.com/parts/HF46F/005-HS1/Hongfa/view-part/?ref=snap"; VariantName = "[No Variations]"
Add component (AddParameter): Name = "Value"; Value = "HK46F"; VariantName = "[No Variations]"
Added Pin To Net: NetName=+5 Pin=3-2
Added Pin To Net: NetName=COM_OUT Pin=C3-1
Added Pin To Net: NetName=GND Pin=D5-A
Added Pin To Net: NetName=+5 Pin=Led5-1
Added Pin To Net: NetName=+5 Pin=Led6-1
Added Pin To Net: NetName=+5 Pin=Led8-1
Added Pin To Net: NetName=GND Pin=OPPTO1-3
Added Pin To Net: NetName=GND Pin=OPPTO2-3
Added Pin To Net: NetName=GND Pin=OPPTO3-3
Added Pin To Net: NetName=GND Pin=PC3-2
Added Pin To Net: NetName=+5 Pin=PC3-4
Added Pin To Net: NetName=+5 Pin=R17-1
Added Pin To Net: NetName=+5 Pin=R21-1
Added Pin To Net: NetName=GND Pin=R25-2
Added Pin To Net: NetName=GND Pin=R28-1
Added Pin To Net: NetName=+5 Pin=R29-1
Added Pin To Net: NetName=GND Pin=RL3-1
Added Pin To Net: NetName=COM_OUT Pin=RL3-3
Added Pin To Net: NetName=COM-IN Pin=OPPTO1-1
Added Pin To Net: NetName=COM-IN Pin=OPPTO2-1
Added Pin To Net: NetName=COM-IN Pin=OPPTO3-1
Added Pin To Net: NetName=COM-IN Pin=R19-1
Added Pin To Net: NetName=COM-IN Pin=R23-1
Added Pin To Net: NetName=COM-IN Pin=R31-1
Added Net: Name=COM-IN
Added Pin To Net: NetName=DO2 Pin=C2-2
Added Pin To Net: NetName=DO2 Pin=RL2-4
Added Net: Name=DO2
Added Pin To Net: NetName=DO3 Pin=C3-2
Added Pin To Net: NetName=DO3 Pin=RL3-4
Added Net: Name=DO3
Added Pin To Net: NetName=IN-D1 Pin=R20-1
Added Net: Name=IN-D1
Added Pin To Net: NetName=IN-D2 Pin=R24-1
Added Net: Name=IN-D2
Added Pin To Net: NetName=IN-D3 Pin=R32-1
Added Net: Name=IN-D3
Added Pin To Net: NetName=Net3_1 Pin=3-1
Added Pin To Net: NetName=Net3_1 Pin=R27-2
Added Pin To Net: NetName=Net3_1 Pin=R28-2
Added Net: Name=Net3_1
Added Pin To Net: NetName=Net3_3 Pin=3-3
Added Pin To Net: NetName=Net3_3 Pin=D5-K
Added Pin To Net: NetName=Net3_3 Pin=LED7-1
Added Pin To Net: NetName=Net3_3 Pin=RL3-2
Added Net: Name=Net3_3
Added Pin To Net: NetName=NetLed5_2 Pin=Led5-2
Added Pin To Net: NetName=NetLed5_2 Pin=R18-1
Added Net: Name=NetLed5_2
Added Pin To Net: NetName=NetLed6_2 Pin=Led6-2
Added Pin To Net: NetName=NetLed6_2 Pin=R22-1
Added Net: Name=NetLed6_2
Added Pin To Net: NetName=NetLED7_2 Pin=LED7-2
Added Pin To Net: NetName=NetLED7_2 Pin=R25-1
Added Net: Name=NetLED7_2
Added Pin To Net: NetName=NetLed8_2 Pin=Led8-2
Added Pin To Net: NetName=NetLed8_2 Pin=R30-1
Added Net: Name=NetLed8_2
Added Pin To Net: NetName=NetOPPTO1_2 Pin=OPPTO1-2
Added Pin To Net: NetName=NetOPPTO1_2 Pin=R19-2
Added Pin To Net: NetName=NetOPPTO1_2 Pin=R20-2
Added Net: Name=NetOPPTO1_2
Added Pin To Net: NetName=NetOPPTO2_2 Pin=OPPTO2-2
Added Pin To Net: NetName=NetOPPTO2_2 Pin=R23-2
Added Pin To Net: NetName=NetOPPTO2_2 Pin=R24-2
Added Net: Name=NetOPPTO2_2
Added Pin To Net: NetName=NetOPPTO3_2 Pin=OPPTO3-2
Added Pin To Net: NetName=NetOPPTO3_2 Pin=R31-2
Added Pin To Net: NetName=NetOPPTO3_2 Pin=R32-2
Added Net: Name=NetOPPTO3_2
Added Pin To Net: NetName=NetPC3_1 Pin=PC3-1
Added Pin To Net: NetName=NetPC3_1 Pin=R26-1
Added Net: Name=NetPC3_1
Added Pin To Net: NetName=NetPC3_3 Pin=PC3-3
Added Pin To Net: NetName=NetPC3_3 Pin=R27-1
Added Net: Name=NetPC3_3
Added Pin To Net: NetName=RD0 Pin=IC1-38
Added Pin To Net: NetName=RD0 Pin=R12-2
Added Net: Name=RD0
Added Pin To Net: NetName=RD1 Pin=IC1-39
Added Pin To Net: NetName=RD1 Pin=R2-2
Added Net: Name=RD1
Added Pin To Net: NetName=RD2 Pin=IC1-40
Added Pin To Net: NetName=RD2 Pin=R26-2
Added Net: Name=RD2
Added Pin To Net: NetName=RD3 Pin=IC1-41
Added Pin To Net: NetName=RD3 Pin=OPPTO1-4
Added Pin To Net: NetName=RD3 Pin=R17-2
Added Pin To Net: NetName=RD3 Pin=R18-2
Added Net: Name=RD3
Added Pin To Net: NetName=RD4 Pin=IC1-2
Added Pin To Net: NetName=RD4 Pin=OPPTO2-4
Added Pin To Net: NetName=RD4 Pin=R21-2
Added Pin To Net: NetName=RD4 Pin=R22-2
Added Net: Name=RD4
Added Pin To Net: NetName=RD5 Pin=IC1-3
Added Pin To Net: NetName=RD5 Pin=OPPTO3-4
Added Pin To Net: NetName=RD5 Pin=R29-2
Added Pin To Net: NetName=RD5 Pin=R30-2
Added Net: Name=RD5
Added Member To Class: ClassName=ESP_PIC_V2 Member=Component 3 2SC1815
Added Member To Class: ClassName=ESP_PIC_V2 Member=Component C3 104
Added Member To Class: ClassName=ESP_PIC_V2 Member=Component D5 D?
Added Member To Class: ClassName=ESP_PIC_V2 Member=Component Led5 5MM
Added Member To Class: ClassName=ESP_PIC_V2 Member=Component Led6 5MM
Added Member To Class: ClassName=ESP_PIC_V2 Member=Component LED7 LED?
Added Member To Class: ClassName=ESP_PIC_V2 Member=Component Led8 5MM
Added Member To Class: ClassName=ESP_PIC_V2 Member=Component OPPTO1 ?
Added Member To Class: ClassName=ESP_PIC_V2 Member=Component OPPTO2 ?
Added Member To Class: ClassName=ESP_PIC_V2 Member=Component OPPTO3 ?
Added Member To Class: ClassName=ESP_PIC_V2 Member=Component PC3 PC817-?
Added Member To Class: ClassName=ESP_PIC_V2 Member=Component R17 330
Added Member To Class: ClassName=ESP_PIC_V2 Member=Component R18 1K
Added Member To Class: ClassName=ESP_PIC_V2 Member=Component R19 4.7K
Added Member To Class: ClassName=ESP_PIC_V2 Member=Component R20 1K
Added Member To Class: ClassName=ESP_PIC_V2 Member=Component R21 330
Added Member To Class: ClassName=ESP_PIC_V2 Member=Component R22 1K
Added Member To Class: ClassName=ESP_PIC_V2 Member=Component R23 4.7K
Added Member To Class: ClassName=ESP_PIC_V2 Member=Component R24 1K
Added Member To Class: ClassName=ESP_PIC_V2 Member=Component R25 1K
Added Member To Class: ClassName=ESP_PIC_V2 Member=Component R26 RES 0805
Added Member To Class: ClassName=ESP_PIC_V2 Member=Component R27 1K
Added Member To Class: ClassName=ESP_PIC_V2 Member=Component R28 1K
Added Member To Class: ClassName=ESP_PIC_V2 Member=Component R29 330
Added Member To Class: ClassName=ESP_PIC_V2 Member=Component R30 1K
Added Member To Class: ClassName=ESP_PIC_V2 Member=Component R31 4.7K
Added Member To Class: ClassName=ESP_PIC_V2 Member=Component R32 1K
Added Member To Class: ClassName=ESP_PIC_V2 Member=Component RL3 RL?
Added Room: Name=ESP_PIC_V2
