Change Component Footprint: Designator=oled Old Footprint=JP 1x4 CT New Footprint=JP 1x4 DT
Change component parameters: Designator = "UU1"; Footprint = "UU10.5"; UniqueID = "\KQUQYCJL"
Change component parameters. Clean all parameters for all variants
Change component parameters (AddParameter): Name = "Parameter 1"; Value = "Cu?n l?c UU0.8 7*8"; VariantName = "[No Variations]"
Change component parameters: Designator = "JP3"; Footprint = "JP 1x6 DT"; UniqueID = "\HRDNKNCH"
Change component parameters. Clean all parameters for all variants
Change component parameters (AddParameter): Name = "Chung_Loai"; Value = "C?m"; VariantName = "[No Variations]"
Change component parameters (AddParameter): Name = "Don_Vi"; Value = "Con"; VariantName = "[No Variations]"
Change component parameters (AddParameter): Name = "Ghi_Chu"; Value = ""; VariantName = "[No Variations]"
Change component parameters (AddParameter): Name = "Kieu_Chan"; Value = ""; VariantName = "[No Variations]"
Change component parameters (AddParameter): Name = "Ma_Hang"; Value = "MH000903"; VariantName = "[No Variations]"
Change component parameters (AddParameter): Name = "Ten_Linh_Kien"; Value = "Jump Ðon Ð?c 2.54MM 1x40P Th?ng 11MM"; VariantName = "[No Variations]"
Change component parameters: Designator = "UART_2"; Footprint = "JP 1x4 DT"; UniqueID = "\TAPOAYFU"
Change component parameters. Clean all parameters for all variants
Change component parameters (AddParameter): Name = "Chung_Loai"; Value = "C?m"; VariantName = "[No Variations]"
Change component parameters (AddParameter): Name = "Don_Vi"; Value = "Con"; VariantName = "[No Variations]"
Change component parameters (AddParameter): Name = "Ghi_Chu"; Value = ""; VariantName = "[No Variations]"
Change component parameters (AddParameter): Name = "Kieu_Chan"; Value = ""; VariantName = "[No Variations]"
Change component parameters (AddParameter): Name = "Ma_Hang"; Value = "MH000903"; VariantName = "[No Variations]"
Change component parameters (AddParameter): Name = "Ten_Linh_Kien"; Value = "Jump Ðon Ð?c 2.54MM 1x40P Th?ng 11MM"; VariantName = "[No Variations]"
Change component parameters: Designator = "OLED"; Footprint = "JP 1x4 DT"; UniqueID = "\RMAYENIH"
Change component parameters. Clean all parameters for all variants
Change component parameters (AddParameter): Name = "Chung_Loai"; Value = "C?m"; VariantName = "[No Variations]"
Change component parameters (AddParameter): Name = "Don_Vi"; Value = "Con"; VariantName = "[No Variations]"
Change component parameters (AddParameter): Name = "Ghi_Chu"; Value = ""; VariantName = "[No Variations]"
Change component parameters (AddParameter): Name = "Kieu_Chan"; Value = ""; VariantName = "[No Variations]"
Change component parameters (AddParameter): Name = "Ma_Hang"; Value = "MH000903"; VariantName = "[No Variations]"
Change component parameters (AddParameter): Name = "Ten_Linh_Kien"; Value = "Jump Ðon Ð?c 2.54MM 1x40P Th?ng 11MM"; VariantName = "[No Variations]"
Added Room: Name=ESP_PIC_V2
